Start building sites … 
hugo v0.111.3-5d4eb5154e1fed125ca8e9b5a0315c4180dab192 linux/amd64 BuildDate=2023-03-12T11:40:50Z VendorInfo=gohugoio

                   | EN  
-------------------+-----
  Pages            | 15  
  Paginator pages  |  0  
  Non-page files   |  0  
  Static files     |  0  
  Processed images |  0  
  Aliases          |  3  
  Sitemaps         |  1  
  Cleaned          |  0  

Built in 91 ms
Watching for changes in /root/XSCAPE/{archetypes,assets,content,data,layouts,static,themes}
Watching for config changes in /root/XSCAPE/config.yml
Environment: "development"
Serving pages from memory
Running in Fast Render Mode. For full rebuilds on change: hugo server --disableFastRender
Web Server is available at http://43.163.217.194:1313/ (bind address 0.0.0.0)
Press Ctrl+C to stop

Change detected, rebuilding site.
2023-03-26 13:20:16.116 +0800
Source changed WRITE         "/root/XSCAPE/content/posts/c_array.md"
Total in 27 ms
2023/03/26 15:54:48 http: URL query contains semicolon, which is no longer a supported separator; parts of the query may be stripped when parsed; see golang.org/issue/25192

Change of config file detected, rebuilding site.
2023-03-26 19:50:44.115 +0800
Rebuilt in 109 ms

Change of config file detected, rebuilding site.
2023-03-26 19:51:24.115 +0800
Rebuilt in 117 ms

Change of config file detected, rebuilding site.
2023-03-26 19:52:01.615 +0800
Rebuilt in 120 ms

Change of config file detected, rebuilding site.
2023-03-26 19:52:25.615 +0800
Rebuilt in 87 ms

Change of config file detected, rebuilding site.
2023-03-26 19:53:11.615 +0800
Rebuilt in 89 ms

Change of config file detected, rebuilding site.
2023-03-26 19:54:13.115 +0800
Rebuilt in 106 ms

Change of config file detected, rebuilding site.
2023-03-26 19:55:46.115 +0800
Rebuilt in 102 ms

Change detected, rebuilding site.
2023-03-26 20:51:41.617 +0800
Source changed WRITE         "/root/XSCAPE/content/posts/net-csredis.md"
Total in 30 ms

Change detected, rebuilding site.
2023-03-26 20:52:11.115 +0800
Rebuilt in 108 ms

Change detected, rebuilding site.
2023-03-26 20:52:13.616 +0800
Source changed WRITE         "/root/XSCAPE/content/posts/net-csredis.md"
Total in 48 ms

Change detected, rebuilding site.
2023-03-26 20:53:02.615 +0800
Source changed WRITE         "/root/XSCAPE/content/posts/net-csredis.md"
Total in 45 ms
Start building sites … 
hugo v0.111.3-5d4eb5154e1fed125ca8e9b5a0315c4180dab192 linux/amd64 BuildDate=2023-03-12T11:40:50Z VendorInfo=gohugoio

                   | EN  
-------------------+-----
  Pages            | 20  
  Paginator pages  |  0  
  Non-page files   |  0  
  Static files     |  0  
  Processed images |  0  
  Aliases          |  6  
  Sitemaps         |  1  
  Cleaned          |  0  

Built in 129 ms
Watching for changes in /root/XSCAPE.Blog/{archetypes,assets,content,data,layouts,static,themes}
Watching for config changes in /root/XSCAPE.Blog/config.yml
Environment: "development"
Serving pages from memory
Running in Fast Render Mode. For full rebuilds on change: hugo server --disableFastRender
Web Server is available at http://43.163.217.194:1313/ (bind address 0.0.0.0)
Press Ctrl+C to stop
Start building sites … 
hugo v0.111.3-5d4eb5154e1fed125ca8e9b5a0315c4180dab192 linux/amd64 BuildDate=2023-03-12T11:40:50Z VendorInfo=gohugoio

                   | EN  
-------------------+-----
  Pages            | 20  
  Paginator pages  |  0  
  Non-page files   |  0  
  Static files     |  0  
  Processed images |  0  
  Aliases          |  6  
  Sitemaps         |  1  
  Cleaned          |  0  

Built in 132 ms
Watching for changes in /root/XSCAPE.Blog/{archetypes,assets,content,data,layouts,static,themes}
Watching for config changes in /root/XSCAPE.Blog/config.yml
Environment: "development"
Serving pages from memory
Running in Fast Render Mode. For full rebuilds on change: hugo server --disableFastRender
Web Server is available at http://43.163.217.194:1313/ (bind address 0.0.0.0)
Press Ctrl+C to stop
Start building sites … 
hugo v0.111.3-5d4eb5154e1fed125ca8e9b5a0315c4180dab192 linux/amd64 BuildDate=2023-03-12T11:40:50Z VendorInfo=gohugoio

                   | EN  
-------------------+-----
  Pages            | 20  
  Paginator pages  |  0  
  Non-page files   |  0  
  Static files     |  0  
  Processed images |  0  
  Aliases          |  6  
  Sitemaps         |  1  
  Cleaned          |  0  

Built in 135 ms
Watching for changes in /root/XSCAPE.Blog/{archetypes,assets,content,data,layouts,static,themes}
Watching for config changes in /root/XSCAPE.Blog/config.yml
Environment: "development"
Serving pages from memory
Running in Fast Render Mode. For full rebuilds on change: hugo server --disableFastRender
Web Server is available at http://43.163.217.194:1313/ (bind address 0.0.0.0)
Press Ctrl+C to stop
2023/03/26 22:51:37 http: URL query contains semicolon, which is no longer a supported separator; parts of the query may be stripped when parsed; see golang.org/issue/25192

Change detected, rebuilding site.
2023-03-26 22:55:18.747 +0800
Rebuilt in 139 ms

Change detected, rebuilding site.
2023-03-26 22:55:20.247 +0800
Source changed WRITE         "/root/XSCAPE.Blog/content/posts/net-csredis.md"
Total in 37 ms

Change detected, rebuilding site.
2023-03-26 22:55:51.747 +0800
Source changed WRITE         "/root/XSCAPE.Blog/content/posts/net-csredis.md"
Total in 68 ms

Change detected, rebuilding site.
2023-03-26 23:03:30.747 +0800
Source changed WRITE         "/root/XSCAPE.Blog/content/posts/net-csredis.md"
Total in 39 ms

Change detected, rebuilding site.
2023-03-26 23:03:54.247 +0800
Source changed WRITE         "/root/XSCAPE.Blog/content/posts/net-csredis.md"
Total in 37 ms

Change of config file detected, rebuilding site.
2023-03-26 23:05:38.747 +0800
Rebuilt in 134 ms

Change detected, rebuilding site.
2023-03-26 23:07:50.747 +0800
Total in 18 ms

Change detected, rebuilding site.
2023-03-26 23:08:48.747 +0800
Source changed WRITE         "/root/XSCAPE.Blog/content/posts/net-csredis.md"
Total in 35 ms

Change detected, rebuilding site.
2023-03-26 23:10:26.247 +0800
Total in 18 ms

Change detected, rebuilding site.
2023-03-26 23:10:35.747 +0800
Source changed WRITE         "/root/XSCAPE.Blog/content/posts/net-csredis.md"
Total in 38 ms

Change of config file detected, rebuilding site.
2023-03-26 23:13:49.747 +0800
Rebuilt in 143 ms

Change detected, rebuilding site.
2023-03-26 23:15:04.747 +0800
Source changed WRITE         "/root/XSCAPE.Blog/content/posts/net-csredis.md"
Total in 36 ms

Change detected, rebuilding site.
2023-03-26 23:15:32.746 +0800
Source changed WRITE         "/root/XSCAPE.Blog/content/posts/net-csredis.md"
Total in 35 ms

Change detected, rebuilding site.
2023-03-26 23:18:35.246 +0800
Source changed WRITE         "/root/XSCAPE.Blog/content/posts/net-csredis.md"
Total in 36 ms

Change detected, rebuilding site.
2023-03-26 23:19:56.747 +0800
Source changed WRITE         "/root/XSCAPE.Blog/content/posts/net-csredis.md"
Total in 36 ms

Change detected, rebuilding site.
2023-03-26 23:20:28.246 +0800
Source changed WRITE         "/root/XSCAPE.Blog/content/posts/net-csredis.md"
Total in 38 ms

Change detected, rebuilding site.
2023-03-26 23:22:34.247 +0800
Source changed WRITE         "/root/XSCAPE.Blog/content/posts/net-csredis.md"
Total in 35 ms

Change of config file detected, rebuilding site.
2023-03-26 23:25:29.747 +0800
Rebuilt in 136 ms

Change of config file detected, rebuilding site.
2023-03-26 23:27:09.747 +0800
Rebuilt in 139 ms

Change detected, rebuilding site.
2023-03-26 23:28:54.747 +0800
Total in 21 ms

Change detected, rebuilding site.
2023-03-26 23:30:39.246 +0800
ERROR 2023/03/26 23:30:39 render of "page" failed: "/root/XSCAPE.Blog/themes/PaperMod/layouts/_default/baseof.html:5:8": execute of template failed: template: _default/single.html:5:8: executing "_default/single.html" at <partial "head.html" .>: error calling partial: "/root/XSCAPE.Blog/themes/PaperMod/layouts/partials/head.html:64:67": execute of template failed: template: partials/head.html:64:67: executing "partials/head.html" at <resources.Concat>: error calling Concat: must provide one or more Resource objects to concat
ERROR 2023/03/26 23:30:39 render of "home" failed: "/root/XSCAPE.Blog/themes/PaperMod/layouts/_default/baseof.html:5:8": execute of template failed: template: _default/list.html:5:8: executing "_default/list.html" at <partial "head.html" .>: error calling partial: "/root/XSCAPE.Blog/themes/PaperMod/layouts/partials/head.html:64:67": execute of template failed: template: partials/head.html:64:67: executing "partials/head.html" at <resources.Concat>: error calling Concat: must provide one or more Resource objects to concat
ERROR 2023/03/26 23:30:39 Rebuild failed: failed to render pages: render of "page" failed: "/root/XSCAPE.Blog/themes/PaperMod/layouts/_default/baseof.html:5:8": execute of template failed at <partial "head.html" .>: error calling partial: "/root/XSCAPE.Blog/themes/PaperMod/layouts/partials/head.html:64:67": execute of template failed at <resources.Concat>: error calling Concat: must provide one or more Resource objects to concat
Total in 4 ms

Change detected, rebuilding site.
2023-03-26 23:31:00.247 +0800
Template changed WRITE         "/root/XSCAPE.Blog/themes/PaperMod/layouts/_default/baseof.html"
Template changed WRITE         "/root/XSCAPE.Blog/themes/PaperMod/layouts/partials/head.html"
Total in 103 ms
2023/03/27 10:34:44 http: URL query contains semicolon, which is no longer a supported separator; parts of the query may be stripped when parsed; see golang.org/issue/25192

Change of config file detected, rebuilding site.
2023-03-28 14:01:11.247 +0800
Rebuilt in 141 ms

Change of config file detected, rebuilding site.
2023-03-28 14:07:48.246 +0800
Rebuilt in 145 ms

Change of config file detected, rebuilding site.
2023-03-28 14:10:37.747 +0800
Rebuilt in 142 ms

Change of config file detected, rebuilding site.
2023-03-28 14:15:06.747 +0800
Rebuilt in 141 ms

Change of config file detected, rebuilding site.
2023-03-28 14:15:20.246 +0800
Rebuilt in 139 ms

Change of config file detected, rebuilding site.
2023-03-28 14:17:38.747 +0800
ERROR 2023/03/28 14:17:38 Failed to reload config: "/root/XSCAPE.Blog/config.yml:77:1": failed to unmarshal YAML: yaml: line 77: did not find expected comment or line break
Rebuilt in 0 ms

Change of config file detected, rebuilding site.
2023-03-28 14:18:02.247 +0800
ERROR 2023/03/28 14:18:02 Failed to reload config: "/root/XSCAPE.Blog/config.yml:77:1": failed to unmarshal YAML: yaml: line 77: did not find expected comment or line break
Rebuilt in 0 ms

Change of config file detected, rebuilding site.
2023-03-28 14:18:12.247 +0800
Rebuilt in 141 ms

Change of config file detected, rebuilding site.
2023-03-28 14:19:50.747 +0800
ERROR 2023/03/28 14:19:50 Failed to reload config: "/root/XSCAPE.Blog/config.yml:77:1": failed to unmarshal YAML: yaml: line 77: did not find expected comment or line break
Rebuilt in 0 ms

Change of config file detected, rebuilding site.
2023-03-28 14:20:03.247 +0800
Rebuilt in 166 ms

Change of config file detected, rebuilding site.
2023-03-28 14:21:01.247 +0800
Rebuilt in 137 ms

Change of config file detected, rebuilding site.
2023-03-28 14:21:07.747 +0800
Rebuilt in 138 ms

Change of config file detected, rebuilding site.
2023-03-28 14:22:49.746 +0800
Rebuilt in 151 ms

Change of config file detected, rebuilding site.
2023-03-28 14:22:58.247 +0800
Rebuilt in 148 ms

Change of config file detected, rebuilding site.
2023-03-28 14:25:48.747 +0800
Rebuilt in 141 ms

Change of config file detected, rebuilding site.
2023-03-28 14:26:12.747 +0800
Rebuilt in 142 ms

Change of config file detected, rebuilding site.
2023-03-28 14:44:33.246 +0800
Rebuilt in 147 ms

Change of config file detected, rebuilding site.
2023-03-28 14:45:09.747 +0800
Rebuilt in 148 ms

Change of config file detected, rebuilding site.
2023-03-28 14:46:17.747 +0800
Rebuilt in 145 ms

Change of config file detected, rebuilding site.
2023-03-28 14:55:00.746 +0800
Rebuilt in 148 ms

Change of config file detected, rebuilding site.
2023-03-28 14:56:58.746 +0800
Rebuilt in 146 ms

Change detected, rebuilding site.
2023-03-28 14:57:27.247 +0800
Total in 21 ms

Change of config file detected, rebuilding site.
2023-03-28 16:33:38.747 +0800
Rebuilt in 149 ms
